-3.010320000000000000e+05 3.000000000000000000e+04 3.001906694029386927e+04
-2.994290000000000000e+05 3.010000000000000000e+04 3.011723835895115189e+04
-2.978250000000000000e+05 3.020000000000000000e+04 3.021542633843612566e+04
-2.962210000000000000e+05 3.030000000000000000e+04 3.031357108263633199e+04
-2.946180000000000000e+05 3.040000000000000000e+04 3.041161324237261215e+04
-2.930140000000000000e+05 3.050000000000000000e+04 3.050968108763380951e+04
-2.914110000000000000e+05 3.060000000000000000e+04 3.060765406707474904e+04
-2.898070000000000000e+05 3.070000000000000000e+04 3.070566182860054687e+04
-2.882040000000000000e+05 3.080000000000000000e+04 3.080358545593300005e+04
-2.866000000000000000e+05 3.090000000000000000e+04 3.090155653524546506e+04
-2.849970000000000000e+05 3.100000000000000000e+04 3.099945844383199801e+04
-2.833930000000000000e+05 3.110000000000000000e+04 3.109742547396428199e+04
-2.817900000000000000e+05 3.120000000000000000e+04 3.119534418149895282e+04
-2.801860000000000000e+05 3.130000000000000000e+04 3.129335256755868977e+04
-2.785830000000000000e+05 3.140000000000000000e+04 3.139134147419621513e+04
-2.769790000000000000e+05 3.150000000000000000e+04 3.148945378798882666e+04
-2.753760000000000000e+05 3.160000000000000000e+04 3.158758581006544409e+04
-2.737720000000000000e+05 3.170000000000000000e+04 3.168588635380451524e+04
-2.721690000000000000e+05 3.180000000000000000e+04 3.178425788461322372e+04
-2.705650000000000000e+05 3.190000000000000000e+04 3.188285520998685752e+04
-2.689620000000000000e+05 3.200000000000000000e+04 3.198158598204641021e+04
-2.673580000000000000e+05 3.210000000000000000e+04 3.208060849121625506e+04
-2.657550000000000000e+05 3.220000000000000000e+04 3.217983104298448598e+04
-2.641510000000000000e+05 3.230000000000000000e+04 3.227940853094207341e+04
-2.625480000000000000e+05 3.240000000000000000e+04 3.237924076918198989e+04
-2.609440000000000000e+05 3.250000000000000000e+04 3.247946858266731942e+04
-2.593410000000000000e+05 3.260000000000000000e+04 3.257997260407748399e+04
-2.577370000000000000e+05 3.270000000000000000e+04 3.268087096569179630e+04
-2.561340000000000000e+05 3.280000000000000000e+04 3.278202064858000085e+04
-2.545300000000000000e+05 3.290000000000000000e+04 3.288351809421780490e+04
-2.529260000000000000e+05 3.300000000000000000e+04 3.298526543295735610e+04
-2.513230000000000000e+05 3.310000000000000000e+04 3.308716077566373133e+04
-2.497190000000000000e+05 3.320000000000000000e+04 3.318928832717442128e+04
-2.481160000000000000e+05 3.330000000000000000e+04 3.329148427329724655e+04
-2.465120000000000000e+05 3.340000000000000000e+04 3.339383734239690239e+04
-2.449090000000000000e+05 3.350000000000000000e+04 3.349619082628929755e+04
-2.433050000000000000e+05 3.360000000000000000e+04 3.359864181780096260e+04
-2.417020000000000000e+05 3.370000000000000000e+04 3.370104223350844404e+04
-2.400980000000000000e+05 3.380000000000000000e+04 3.380349739507943741e+04
-2.384950000000000000e+05 3.390000000000000000e+04 3.390586668275228294e+04
-2.368910000000000000e+05 3.400000000000000000e+04 3.400826195643169194e+04
-2.352880000000000000e+05 3.410000000000000000e+04 3.411054818479926325e+04
-2.336840000000000000e+05 3.420000000000000000e+04 3.421284192074883322e+04
-2.320810000000000000e+05 3.430000000000000000e+04 3.431501202375887078e+04
-2.304770000000000000e+05 3.440000000000000000e+04 3.441717824225342338e+04
-2.288740000000000000e+05 3.450000000000000000e+04 3.451921204191270226e+04
-2.272700000000000000e+05 3.460000000000000000e+04 3.462123528540618281e+04
-2.256670000000000000e+05 3.470000000000000000e+04 3.472312114630619908e+04
-2.240630000000000000e+05 3.480000000000000000e+04 3.482499286196950561e+04
-2.224600000000000000e+05 3.490000000000000000e+04 3.492672470878716558e+04
-2.208560000000000000e+05 3.500000000000000000e+04 3.502844080584229232e+04
-2.192530000000000000e+05 3.510000000000000000e+04 3.513001613182964502e+04
-2.176490000000000000e+05 3.520000000000000000e+04 3.523157536271160643e+04
-2.160460000000000000e+05 3.530000000000000000e+04 3.533299391627484147e+04
-2.144420000000000000e+05 3.540000000000000000e+04 3.543439681220431521e+04
-2.128390000000000000e+05 3.550000000000000000e+04 3.553565973480561661e+04
-2.112350000000000000e+05 3.560000000000000000e+04 3.563690790779553208e+04
-2.096310000000000000e+05 3.570000000000000000e+04 3.573807953179283504e+04
-2.080280000000000000e+05 3.580000000000000000e+04 3.583911285456675250e+04
-2.064240000000000000e+05 3.590000000000000000e+04 3.594013324480364827e+04
-2.048210000000000000e+05 3.600000000000000000e+04 3.604101664030866959e+04
-2.032170000000000000e+05 3.610000000000000000e+04 3.614188844117650297e+04
-2.016140000000000000e+05 3.620000000000000000e+04 3.624262459938117536e+04
-2.000100000000000000e+05 3.630000000000000000e+04 3.634335051540073619e+04
-1.984070000000000000e+05 3.640000000000000000e+04 3.644394213063219649e+04
-1.968030000000000000e+05 3.650000000000000000e+04 3.654452482633186446e+04
-1.952000000000000000e+05 3.660000000000000000e+04 3.664497451793303480e+04
-1.935960000000000000e+05 3.670000000000000000e+04 3.674541655555432226e+04
-1.919930000000000000e+05 3.680000000000000000e+04 3.684572681961411581e+04
-1.903890000000000000e+05 3.690000000000000000e+04 3.694603062241613225e+04
-1.887860000000000000e+05 3.700000000000000000e+04 3.704620380466414645e+04
-1.871820000000000000e+05 3.710000000000000000e+04 3.714637163780571427e+04
-1.855790000000000000e+05 3.720000000000000000e+04 3.724640992119184375e+04
-1.839750000000000000e+05 3.730000000000000000e+04 3.734644388497684849e+04
-1.823720000000000000e+05 3.740000000000000000e+04 3.744634928776556626e+04
-1.807680000000000000e+05 3.750000000000000000e+04 3.754625131994977710e+04
-1.791650000000000000e+05 3.760000000000000000e+04 3.764602570175616711e+04
-1.775610000000000000e+05 3.770000000000000000e+04 3.774579758696108911e+04
-1.759580000000000000e+05 3.780000000000000000e+04 3.784544266130688629e+04
-1.743540000000000000e+05 3.790000000000000000e+04 3.794508604658623517e+04
-1.727510000000000000e+05 3.800000000000000000e+04 3.804460339944044244e+04
-1.711470000000000000e+05 3.810000000000000000e+04 3.814411981584922614e+04
-1.695440000000000000e+05 3.820000000000000000e+04 3.824351093036888051e+04
-1.679400000000000000e+05 3.830000000000000000e+04 3.834290182110850583e+04
-1.663360000000000000e+05 3.840000000000000000e+04 3.844223047235661215e+04
-1.647330000000000000e+05 3.850000000000000000e+04 3.854143486596381990e+04
-1.631290000000000000e+05 3.860000000000000000e+04 3.864064007310487068e+04
-1.615260000000000000e+05 3.870000000000000000e+04 3.873972171805299877e+04
-1.599220000000000000e+05 3.880000000000000000e+04 3.883880488510255236e+04
-1.583190000000000000e+05 3.890000000000000000e+04 3.893776522060325806e+04
-1.567150000000000000e+05 3.900000000000000000e+04 3.903672784116982803e+04
-1.551120000000000000e+05 3.910000000000000000e+04 3.913556843722293706e+04
-1.535080000000000000e+05 3.920000000000000000e+04 3.923441218296669103e+04
-1.519050000000000000e+05 3.930000000000000000e+04 3.933313484200857783e+04
-1.503010000000000000e+05 3.940000000000000000e+04 3.943186167978680896e+04
-1.486980000000000000e+05 3.950000000000000000e+04 3.953046857208263100e+04
-1.470940000000000000e+05 3.960000000000000000e+04 3.962908092086888064e+04
-1.454910000000000000e+05 3.970000000000000000e+04 3.972757476687667076e+04
-1.438870000000000000e+05 3.980000000000000000e+04 3.982607571025697689e+04
-1.422840000000000000e+05 3.990000000000000000e+04 3.992446002887055511e+04
-1.406800000000000000e+05 4.000000000000000000e+04 4.002285360576565290e+04
-1.390770000000000000e+05 4.010000000000000000e+04 4.012113305559647415e+04
-1.374730000000000000e+05 4.020000000000000000e+04 4.021942466180522752e+04
-1.358700000000000000e+05 4.030000000000000000e+04 4.031760551463507727e+04
-1.342660000000000000e+05 4.040000000000000000e+04 4.041580246217006061e+04
-1.326630000000000000e+05 4.050000000000000000e+04 4.051389326490808162e+04
-1.310590000000000000e+05 4.060000000000000000e+04 4.061200556657157722e+04
-1.294560000000000000e+05 4.070000000000000000e+04 4.071001807223910146e+04
-1.278520000000000000e+05 4.080000000000000000e+04 4.080805954713354004e+04
-1.262480000000000000e+05 4.090000000000000000e+04 4.090607239064342139e+04
-1.246450000000000000e+05 4.100000000000000000e+04 4.100399985961560014e+04
-1.230410000000000000e+05 4.110000000000000000e+04 4.110197331561324245e+04
-1.214380000000000000e+05 4.120000000000000000e+04 4.119987587071513553e+04
-1.198340000000000000e+05 4.130000000000000000e+04 4.129784150531872729e+04
-1.182310000000000000e+05 4.140000000000000000e+04 4.139575641078345507e+04
-1.166270000000000000e+05 4.150000000000000000e+04 4.149375816602667328e+04
-1.150240000000000000e+05 4.160000000000000000e+04 4.159173713031270745e+04
-1.134200000000000000e+05 4.170000000000000000e+04 4.168983564829124225e+04
-1.118170000000000000e+05 4.180000000000000000e+04 4.178794942891869141e+04
-1.102130000000000000e+05 4.190000000000000000e+04 4.188622666381840827e+04
-1.086100000000000000e+05 4.200000000000000000e+04 4.198456920486183662e+04
-1.070060000000000000e+05 4.210000000000000000e+04 4.208313131479623553e+04
-1.054030000000000000e+05 4.220000000000000000e+04 4.218182025702727697e+04
-1.037990000000000000e+05 4.230000000000000000e+04 4.228079420184893388e+04
-1.021960000000000000e+05 4.240000000000000000e+04 4.237996172956334340e+04
-1.005920000000000000e+05 4.250000000000000000e+04 4.247947851788489061e+04
-9.898900000000000000e+04 4.260000000000000000e+04 4.257924573727320239e+04
-9.738500000000000000e+04 4.270000000000000000e+04 4.267940611003321828e+04
-9.578200000000000000e+04 4.280000000000000000e+04 4.277984255610214313e+04
-9.417800000000000000e+04 4.290000000000000000e+04 4.288067562739222194e+04
-9.257500000000000000e+04 4.300000000000000000e+04 4.298176455132670526e+04
-9.097100000000000000e+04 4.310000000000000000e+04 4.308320757175295148e+04
-8.936800000000000000e+04 4.320000000000000000e+04 4.318484564877548110e+04
-8.776400000000000000e+04 4.330000000000000000e+04 4.328676453037426108e+04
-8.616100000000000000e+04 4.340000000000000000e+04 4.338879895164238405e+04
-8.455700000000000000e+04 4.350000000000000000e+04 4.349103410544029612e+04
-8.295300000000000000e+04 4.360000000000000000e+04 4.359337091761131160e+04
-8.135000000000000000e+04 4.370000000000000000e+04 4.369571419679002429e+04
-7.974600000000000000e+04 4.380000000000000000e+04 4.379816016128059709e+04
-7.814300000000000000e+04 4.390000000000000000e+04 4.390055989250483253e+04
-7.653900000000000000e+04 4.400000000000000000e+04 4.400301795442924777e+04
-7.493600000000000000e+04 4.410000000000000000e+04 4.410539306354674773e+04
-7.333200000000000000e+04 4.420000000000000000e+04 4.420779651250587631e+04
-7.172900000000000000e+04 4.430000000000000000e+04 4.431009279369537398e+04
-7.012500000000000000e+04 4.440000000000000000e+04 4.441239806518398109e+04
-6.852200000000000000e+04 4.450000000000000000e+04 4.451458086221227131e+04
-6.691800000000000000e+04 4.460000000000000000e+04 4.461676066878110578e+04
-6.531500000000000000e+04 4.470000000000000000e+04 4.471880873606729438e+04
-6.371100000000000000e+04 4.480000000000000000e+04 4.482084675346202130e+04
-6.210800000000000000e+04 4.490000000000000000e+04 4.492274775505790603e+04
-6.050400000000000000e+04 4.500000000000000000e+04 4.502463486630522675e+04
-5.890100000000000000e+04 4.510000000000000000e+04 4.512638227410950640e+04
-5.729700000000000000e+04 4.520000000000000000e+04 4.522811402626209019e+04
-5.569400000000000000e+04 4.530000000000000000e+04 4.532970504491122847e+04
-5.409000000000000000e+04 4.540000000000000000e+04 4.543127996141545736e+04
-5.248700000000000000e+04 4.550000000000000000e+04 4.553271415862700087e+04
-5.088300000000000000e+04 4.560000000000000000e+04 4.563413262912402570e+04
-4.928000000000000000e+04 4.570000000000000000e+04 4.573541103644106624e+04
-4.767600000000000000e+04 4.580000000000000000e+04 4.583667458865059598e+04
-4.607300000000000000e+04 4.590000000000000000e+04 4.593779911203096708e+04
-4.446900000000000000e+04 4.600000000000000000e+04 4.603890993473224808e+04
-4.286600000000000000e+04 4.610000000000000000e+04 4.613988296862770949e+04
-4.126200000000000000e+04 4.620000000000000000e+04 4.624084359962848976e+04
-3.965800000000000000e+04 4.630000000000000000e+04 4.634173013778653694e+04
-3.805500000000000000e+04 4.640000000000000000e+04 4.644248089780308510e+04
-3.645100000000000000e+04 4.650000000000000000e+04 4.654322128115413216e+04
-3.484800000000000000e+04 4.660000000000000000e+04 4.664382723111333326e+04
-3.324400000000000000e+04 4.670000000000000000e+04 4.674442413149966887e+04
-3.164100000000000000e+04 4.680000000000000000e+04 4.684488790083632921e+04
-3.003700000000000000e+04 4.690000000000000000e+04 4.694534389272779663e+04
-2.843400000000000000e+04 4.700000000000000000e+04 4.704566799136524787e+04
-2.683000000000000000e+04 4.710000000000000000e+04 4.714598551302112173e+04
-2.522700000000000000e+04 4.720000000000000000e+04 4.724617230248718988e+04
-2.362300000000000000e+04 4.730000000000000000e+04 4.734635363535318174e+04
-2.202000000000000000e+04 4.740000000000000000e+04 4.744640531511041627e+04
-2.041600000000000000e+04 4.750000000000000000e+04 4.754645257600254263e+04
-1.881300000000000000e+04 4.760000000000000000e+04 4.764637118062896479e+04
-1.720900000000000000e+04 4.770000000000000000e+04 4.774628632324108912e+04
-1.560600000000000000e+04 4.780000000000000000e+04 4.784607372775245312e+04
-1.400200000000000000e+04 4.790000000000000000e+04 4.794585855141690263e+04
-1.239900000000000000e+04 4.800000000000000000e+04 4.804551648320806271e+04
-1.079500000000000000e+04 4.810000000000000000e+04 4.814517264786590385e+04
-9.192000000000000000e+03 4.820000000000000000e+04 4.824470270465500653e+04
-7.588000000000000000e+03 4.830000000000000000e+04 4.834423175181086117e+04
-5.985000000000000000e+03 4.840000000000000000e+04 4.844363542573015729e+04
-4.381000000000000000e+03 4.850000000000000000e+04 4.854303880589333858e+04
-2.778000000000000000e+03 4.860000000000000000e+04 4.864231751458768122e+04
-1.174000000000000000e+03 4.870000000000000000e+04 4.874159662243338971e+04
4.300000000000000000e+02 4.880000000000000000e+04 4.884081411163927987e+04
2.033000000000000000e+03 4.890000000000000000e+04 4.893990796811029577e+04
3.637000000000000000e+03 4.900000000000000000e+04 4.903900327404894779e+04
5.240000000000000000e+03 4.910000000000000000e+04 4.913797567270608124e+04
6.844000000000000000e+03 4.920000000000000000e+04 4.923695027644286893e+04
8.447000000000000000e+03 4.930000000000000000e+04 4.933580277009858401e+04
1.005100000000000000e+04 4.940000000000000000e+04 4.943465832076450170e+04
1.165400000000000000e+04 4.950000000000000000e+04 4.953339268316407106e+04
1.325800000000000000e+04 4.960000000000000000e+04 4.963213111179713451e+04
1.486100000000000000e+04 4.970000000000000000e+04 4.973074946911755251e+04
1.646500000000000000e+04 4.980000000000000000e+04 4.982937314098520437e+04
1.806800000000000000e+04 4.990000000000000000e+04 4.992787814876200719e+04
1.967200000000000000e+04 5.000000000000000000e+04 5.002639006941401021e+04
2.127500000000000000e+04 5.010000000000000000e+04 5.012478515313505341e+04
2.287900000000000000e+04 5.020000000000000000e+04 5.022318925003015465e+04
2.448200000000000000e+04 5.030000000000000000e+04 5.032147893558561918e+04
2.608600000000000000e+04 5.040000000000000000e+04 5.041978044671821408e+04
2.768900000000000000e+04 5.050000000000000000e+04 5.051797081843391061e+04
2.929300000000000000e+04 5.060000000000000000e+04 5.061617683324927930e+04
3.089600000000000000e+04 5.070000000000000000e+04 5.071427617383140750e+04
3.250000000000000000e+04 5.080000000000000000e+04 5.081239639150384755e+04
3.410300000000000000e+04 5.090000000000000000e+04 5.091041608163854107e+04
3.570700000000000000e+04 5.100000000000000000e+04 5.100846387920320558e+04
3.731000000000000000e+04 5.110000000000000000e+04 5.110641966613550903e+04
3.891400000000000000e+04 5.120000000000000000e+04 5.120441360443197482e+04
4.051700000000000000e+04 5.130000000000000000e+04 5.130232738709505065e+04
4.212100000000000000e+04 5.140000000000000000e+04 5.140029332095752761e+04
4.372500000000000000e+04 5.150000000000000000e+04 5.149825799583520711e+04
4.532800000000000000e+04 5.160000000000000000e+04 5.159616961240759701e+04
4.693200000000000000e+04 5.170000000000000000e+04 5.169416533925371914e+04
4.853500000000000000e+04 5.180000000000000000e+04 5.179213506502674863e+04
5.013900000000000000e+04 5.190000000000000000e+04 5.189022060385797522e+04
5.174200000000000000e+04 5.200000000000000000e+04 5.198831708137565147e+04
5.334600000000000000e+04 5.210000000000000000e+04 5.208657207097220817e+04
5.494900000000000000e+04 5.220000000000000000e+04 5.218488680529795238e+04
5.655300000000000000e+04 5.230000000000000000e+04 5.228341498249556025e+04
5.815600000000000000e+04 5.240000000000000000e+04 5.238206343776836729e+04
5.976000000000000000e+04 5.250000000000000000e+04 5.248099015762304771e+04
6.136300000000000000e+04 5.260000000000000000e+04 5.258010390815749997e+04
6.296700000000000000e+04 5.270000000000000000e+04 5.267956104202312417e+04
6.457000000000000000e+04 5.280000000000000000e+04 5.277926397053497203e+04
6.617400000000000000e+04 5.290000000000000000e+04 5.287935721329070657e+04
6.777700000000000000e+04 5.300000000000000000e+04 5.297972591727600957e+04
6.938100000000000000e+04 5.310000000000000000e+04 5.308049305161544908e+04
7.098400000000000000e+04 5.320000000000000000e+04 5.318152014872397558e+04
7.258800000000000000e+04 5.330000000000000000e+04 5.328290736094770546e+04
7.419100000000000000e+04 5.340000000000000000e+04 5.338449696985853370e+04
7.579500000000000000e+04 5.350000000000000000e+04 5.348637539763145469e+04
7.739800000000000000e+04 5.360000000000000000e+04 5.358837746438435715e+04
7.900200000000000000e+04 5.370000000000000000e+04 5.369058799122743221e+04
8.060500000000000000e+04 5.380000000000000000e+04 5.379284486916253809e+04
8.220900000000000000e+04 5.390000000000000000e+04 5.389523916626896244e+04
8.381200000000000000e+04 5.400000000000000000e+04 5.399761677414296719e+04
8.541600000000000000e+04 5.410000000000000000e+04 5.410007737866354000e+04
8.702000000000000000e+04 5.420000000000000000e+04 5.420253768018521077e+04
8.862300000000000000e+04 5.430000000000000000e+04 5.430491807495434477e+04
9.022700000000000000e+04 5.440000000000000000e+04 5.440732926931943803e+04
9.183000000000000000e+04 5.450000000000000000e+04 5.450963526186185481e+04
9.343400000000000000e+04 5.460000000000000000e+04 5.461195180038505350e+04
9.503700000000000000e+04 5.470000000000000000e+04 5.471414708265421359e+04
9.664100000000000000e+04 5.480000000000000000e+04 5.481634031711057469e+04
9.824400000000000000e+04 5.490000000000000000e+04 5.491840253117970860e+04
9.984800000000000000e+04 5.500000000000000000e+04 5.502045523336381302e+04
1.014510000000000000e+05 5.510000000000000000e+04 5.512237131205095648e+04
1.030550000000000000e+05 5.520000000000000000e+04 5.522427377571467514e+04
1.046580000000000000e+05 5.530000000000000000e+04 5.532603671765642503e+04
1.062620000000000000e+05 5.540000000000000000e+04 5.542778411103578401e+04
1.078650000000000000e+05 5.550000000000000000e+04 5.552939081874855037e+04
1.094690000000000000e+05 5.560000000000000000e+04 5.563098142535813531e+04
1.110720000000000000e+05 5.570000000000000000e+04 5.573243127700830519e+04
1.126760000000000000e+05 5.580000000000000000e+04 5.583386533773443807e+04
1.142790000000000000e+05 5.590000000000000000e+04 5.593515924913775962e+04
1.158830000000000000e+05 5.600000000000000000e+04 5.603643820270612923e+04
1.174860000000000000e+05 5.610000000000000000e+04 5.613757801245978771e+04
1.190900000000000000e+05 5.620000000000000000e+04 5.623870399778769206e+04
1.206930000000000000e+05 5.630000000000000000e+04 5.633969206462517468e+04
1.222970000000000000e+05 5.640000000000000000e+04 5.644066759522040229e+04
1.239000000000000000e+05 5.650000000000000000e+04 5.654150653494816652e+04
1.255040000000000000e+05 5.660000000000000000e+04 5.664233428666699183e+04
1.271080000000000000e+05 5.670000000000000000e+04 5.674308916412057442e+04
1.287110000000000000e+05 5.680000000000000000e+04 5.684370947514272120e+04
1.303150000000000000e+05 5.690000000000000000e+04 5.694432060599157558e+04
1.319180000000000000e+05 5.700000000000000000e+04 5.704479847818606504e+04
1.335220000000000000e+05 5.710000000000000000e+04 5.714526844874671951e+04
1.351250000000000000e+05 5.720000000000000000e+04 5.724560640558791783e+04
1.367290000000000000e+05 5.730000000000000000e+04 5.734593766891818086e+04
1.383320000000000000e+05 5.740000000000000000e+04 5.744613808759896347e+04
1.399360000000000000e+05 5.750000000000000000e+04 5.754633294135607139e+04
1.415390000000000000e+05 5.760000000000000000e+04 5.764639803782563831e+04
1.431430000000000000e+05 5.770000000000000000e+04 5.774645861535449512e+04
1.447460000000000000e+05 5.780000000000000000e+04 5.784639044055886916e+04
1.463500000000000000e+05 5.790000000000000000e+04 5.794631871157984278e+04
1.479530000000000000e+05 5.800000000000000000e+04 5.804611915605535614e+04
1.495570000000000000e+05 5.810000000000000000e+04 5.814591693476150976e+04
1.511600000000000000e+05 5.820000000000000000e+04 5.824558773995540832e+04
1.527640000000000000e+05 5.830000000000000000e+04 5.834525669938429928e+04
1.543670000000000000e+05 5.840000000000000000e+04 5.844479947500414710e+04
1.559710000000000000e+05 5.850000000000000000e+04 5.854434116738336161e+04
1.575740000000000000e+05 5.860000000000000000e+04 5.864375741484625178e+04
1.591780000000000000e+05 5.870000000000000000e+04 5.874317329834299017e+04
1.607810000000000000e+05 5.880000000000000000e+04 5.884246444111350866e+04
1.623850000000000000e+05 5.890000000000000000e+04 5.894175591414573864e+04
1.639880000000000000e+05 5.900000000000000000e+04 5.904092333651077206e+04
1.655920000000000000e+05 5.910000000000000000e+04 5.914009178159313160e+04
1.671950000000000000e+05 5.920000000000000000e+04 5.923913687831874267e+04
1.687990000000000000e+05 5.930000000000000000e+04 5.933818371842246415e+04
1.704030000000000000e+05 5.940000000000000000e+04 5.943717032172801555e+04
1.720060000000000000e+05 5.950000000000000000e+04 5.953603473061666591e+04
1.736100000000000000e+05 5.960000000000000000e+04 5.963490210539110558e+04
1.752130000000000000e+05 5.970000000000000000e+04 5.973364819226611144e+04
1.768170000000000000e+05 5.980000000000000000e+04 5.983239823523903033e+04
1.784200000000000000e+05 5.990000000000000000e+04 5.993102808394372551e+04
1.800240000000000000e+05 6.000000000000000000e+04 6.002966310871930182e+04
1.816270000000000000e+05 6.010000000000000000e+04 6.012817931225143548e+04
1.832310000000000000e+05 6.020000000000000000e+04 6.022670224913395941e+04
1.848340000000000000e+05 6.030000000000000000e+04 6.032510814284934895e+04
1.864380000000000000e+05 6.040000000000000000e+04 6.042352281168513582e+04
1.880410000000000000e+05 6.050000000000000000e+04 6.052182279328893492e+04
1.896450000000000000e+05 6.060000000000000000e+04 6.062013427962424612e+04
1.912480000000000000e+05 6.070000000000000000e+04 6.071833425232253649e+04
1.928520000000000000e+05 6.080000000000000000e+04 6.081654943054276373e+04
1.944550000000000000e+05 6.090000000000000000e+04 6.091465742174546904e+04
1.960590000000000000e+05 6.100000000000000000e+04 6.101278568797329353e+04
1.976620000000000000e+05 6.110000000000000000e+04 6.111081271859531989e+04
1.992660000000000000e+05 6.120000000000000000e+04 6.120886702271933609e+04
2.008690000000000000e+05 6.130000000000000000e+04 6.130682833287864196e+04
2.024730000000000000e+05 6.140000000000000000e+04 6.140482663382915780e+04
2.040760000000000000e+05 6.150000000000000000e+04 6.150274340857785865e+04
2.056800000000000000e+05 6.160000000000000000e+04 6.160071071569836931e+04
2.072830000000000000e+05 6.170000000000000000e+04 6.169861248968702421e+04
2.088870000000000000e+05 6.180000000000000000e+04 6.179658367698559596e+04
2.104900000000000000e+05 6.190000000000000000e+04 6.189451159618706151e+04
2.120940000000000000e+05 6.200000000000000000e+04 6.199253512888646219e+04
2.136980000000000000e+05 6.210000000000000000e+04 6.209060848184892529e+04
2.153010000000000000e+05 6.220000000000000000e+04 6.218868856976099778e+04
2.169050000000000000e+05 6.230000000000000000e+04 6.228692235264590272e+04
2.185080000000000000e+05 6.240000000000000000e+04 6.238521044045600866e+04
2.201120000000000000e+05 6.250000000000000000e+04 6.248370595014204446e+04
2.217150000000000000e+05 6.260000000000000000e+04 6.258231525356537895e+04
2.233190000000000000e+05 6.270000000000000000e+04 6.268119609486732952e+04
2.249220000000000000e+05 6.280000000000000000e+04 6.278025734182775341e+04
2.265260000000000000e+05 6.290000000000000000e+04 6.287965591606731323e+04
2.281290000000000000e+05 6.300000000000000000e+04 6.297929535397582367e+04
2.297330000000000000e+05 6.310000000000000000e+04 6.307932186731918773e+04
2.313360000000000000e+05 6.320000000000000000e+04 6.317962276017155091e+04
2.329400000000000000e+05 6.330000000000000000e+04 6.328032340407781157e+04
2.345430000000000000e+05 6.340000000000000000e+04 6.338128768345393473e+04
2.361470000000000000e+05 6.350000000000000000e+04 6.348261775752921676e+04
2.377500000000000000e+05 6.360000000000000000e+04 6.358415735585238144e+04
2.393540000000000000e+05 6.370000000000000000e+04 6.368599370287859347e+04
2.409570000000000000e+05 6.380000000000000000e+04 6.378796181261393940e+04
2.425610000000000000e+05 6.390000000000000000e+04 6.389014621336906566e+04
2.441640000000000000e+05 6.400000000000000000e+04 6.399238417192710767e+04
2.457680000000000000e+05 6.410000000000000000e+04 6.409476594866739470e+04
2.473710000000000000e+05 6.420000000000000000e+04 6.419713656200276455e+04
2.489750000000000000e+05 6.430000000000000000e+04 6.429959484084956057e+04
2.505780000000000000e+05 6.440000000000000000e+04 6.440199433103344927e+04
2.521820000000000000e+05 6.450000000000000000e+04 6.450444181506741006e+04
2.537860000000000000e+05 6.460000000000000000e+04 6.460686030524224043e+04
2.553890000000000000e+05 6.470000000000000000e+04 6.470917565129305149e+04
2.569930000000000000e+05 6.480000000000000000e+04 6.481150317488252767e+04
2.585960000000000000e+05 6.490000000000000000e+04 6.491371072262528469e+04
2.602000000000000000e+05 6.500000000000000000e+04 6.501591721586103085e+04
2.618030000000000000e+05 6.510000000000000000e+04 6.511799344865813327e+04
2.634070000000000000e+05 6.520000000000000000e+04 6.522006074071217154e+04
2.650100000000000000e+05 6.530000000000000000e+04 6.532199182822394505e+04
2.666140000000000000e+05 6.540000000000000000e+04 6.542390959740633116e+04
2.682170000000000000e+05 6.550000000000000000e+04 6.552568804366256518e+04
2.698210000000000000e+05 6.560000000000000000e+04 6.562745106203720206e+04
2.714240000000000000e+05 6.570000000000000000e+04 6.572907345335117134e+04
2.730280000000000000e+05 6.580000000000000000e+04 6.583067975308698078e+04
2.746310000000000000e+05 6.590000000000000000e+04 6.593214526882936480e+04
2.762350000000000000e+05 6.600000000000000000e+04 6.603359493457282952e+04
2.778380000000000000e+05 6.610000000000000000e+04 6.613490436877284083e+04
2.794420000000000000e+05 6.620000000000000000e+04 6.623619874535159033e+04
2.810450000000000000e+05 6.630000000000000000e+04 6.633735386527783703e+04
2.826490000000000000e+05 6.640000000000000000e+04 6.643849503853847273e+04
2.842520000000000000e+05 6.650000000000000000e+04 6.653949816461371665e+04
2.858560000000000000e+05 6.660000000000000000e+04 6.664048862167245534e+04
2.874590000000000000e+05 6.670000000000000000e+04 6.674134235292080848e+04
2.890630000000000000e+05 6.680000000000000000e+04 6.684218476057966473e+04
2.906660000000000000e+05 6.690000000000000000e+04 6.694289179613358283e+04
2.922700000000000000e+05 6.700000000000000000e+04 6.704358885749457113e+04
2.938730000000000000e+05 6.710000000000000000e+04 6.714415188185946317e+04
2.954770000000000000e+05 6.720000000000000000e+04 6.724470624501371640e+04
2.970810000000000000e+05 6.730000000000000000e+04 6.734519021879180218e+04
2.986840000000000000e+05 6.740000000000000000e+04 6.744554205762053607e+04
3.002880000000000000e+05 6.750000000000000000e+04 6.754588708560871601e+04
3.018910000000000000e+05 6.760000000000000000e+04 6.764610115566650347e+04
3.034950000000000000e+05 6.770000000000000000e+04 6.774630955164739862e+04
3.050980000000000000e+05 6.780000000000000000e+04 6.784638808533478004e+04
3.067020000000000000e+05 6.790000000000000000e+04 6.794646199919075298e+04
3.083050000000000000e+05 6.800000000000000000e+04 6.804640706386901729e+04
3.099090000000000000e+05 6.810000000000000000e+04 6.814634848142889678e+04
3.115120000000000000e+05 6.820000000000000000e+04 6.824616198326874292e+04
3.131160000000000000e+05 6.830000000000000000e+04 6.834597273373023199e+04
3.147190000000000000e+05 6.840000000000000000e+04 6.844565642840470537e+04
3.163230000000000000e+05 6.850000000000000000e+04 6.854533819810496061e+04
3.179260000000000000e+05 6.860000000000000000e+04 6.864489370754484844e+04
3.195300000000000000e+05 6.870000000000000000e+04 6.874444805970101152e+04
3.211330000000000000e+05 6.880000000000000000e+04 6.884387689491041237e+04
3.227370000000000000e+05 6.890000000000000000e+04 6.894330529568904603e+04
3.243400000000000000e+05 6.900000000000000000e+04 6.904260888633801369e+04
3.259440000000000000e+05 6.910000000000000000e+04 6.914191273833590094e+04
3.275470000000000000e+05 6.920000000000000000e+04 6.924109247059798508e+04
3.291510000000000000e+05 6.930000000000000000e+04 6.934027315561907017e+04
3.307540000000000000e+05 6.940000000000000000e+04 6.943933042059971194e+04
3.323580000000000000e+05 6.950000000000000000e+04 6.953838935459511413e+04
3.339610000000000000e+05 6.960000000000000000e+04 6.963732561081396125e+04
3.355650000000000000e+05 6.970000000000000000e+04 6.973626431513768330e+04
3.371680000000000000e+05 6.980000000000000000e+04 6.983508117002493236e+04
3.387720000000000000e+05 6.990000000000000000e+04 6.993390136491667363e+04
