300 48773.2146100000 0.0623628426 -301032 30000.00000
301 48773.2146100000 0.0623628426 -299429 30100.00000
302 48773.2146100000 0.0623628426 -297825 30200.00000
303 48773.2146100000 0.0623628426 -296221 30300.00000
304 48773.2146100000 0.0623628426 -294618 30400.00000
305 48773.2146100000 0.0623628426 -293014 30500.00000
306 48773.2146100000 0.0623628426 -291411 30600.00000
307 48773.2146100000 0.0623628426 -289807 30700.00000
308 48773.2146100000 0.0623628426 -288204 30800.00000
309 48773.2146100000 0.0623628426 -286600 30900.00000
310 48773.2146100000 0.0623628426 -284997 31000.00000
311 48773.2146100000 0.0623628426 -283393 31100.00000
312 48773.2146100000 0.0623628426 -281790 31200.00000
313 48773.2146100000 0.0623628426 -280186 31300.00000
314 48773.2146100000 0.0623628426 -278583 31400.00000
315 48773.2146100000 0.0623628426 -276979 31500.00000
316 48773.2146100000 0.0623628426 -275376 31600.00000
317 48773.2146100000 0.0623628426 -273772 31700.00000
318 48773.2146100000 0.0623628426 -272169 31800.00000
319 48773.2146100000 0.0623628426 -270565 31900.00000
320 48773.2146100000 0.0623628426 -268962 32000.00000
321 48773.2146100000 0.0623628426 -267358 32100.00000
322 48773.2146100000 0.0623628426 -265755 32200.00000
323 48773.2146100000 0.0623628426 -264151 32300.00000
324 48773.2146100000 0.0623628426 -262548 32400.00000
325 48773.2146100000 0.0623628426 -260944 32500.00000
326 48773.2146100000 0.0623628426 -259341 32600.00000
327 48773.2146100000 0.0623628426 -257737 32700.00000
328 48773.2146100000 0.0623628426 -256134 32800.00000
329 48773.2146100000 0.0623628426 -254530 32900.00000
330 48773.2146100000 0.0623628426 -252926 33000.00000
331 48773.2146100000 0.0623628426 -251323 33100.00000
332 48773.2146100000 0.0623628426 -249719 33200.00000
333 48773.2146100000 0.0623628426 -248116 33300.00000
334 48773.2146100000 0.0623628426 -246512 33400.00000
335 48773.2146100000 0.0623628426 -244909 33500.00000
336 48773.2146100000 0.0623628426 -243305 33600.00000
337 48773.2146100000 0.0623628426 -241702 33700.00000
338 48773.2146100000 0.0623628426 -240098 33800.00000
339 48773.2146100000 0.0623628426 -238495 33900.00000
340 48773.2146100000 0.0623628426 -236891 34000.00000
341 48773.2146100000 0.0623628426 -235288 34100.00000
342 48773.2146100000 0.0623628426 -233684 34200.00000
343 48773.2146100000 0.0623628426 -232081 34300.00000
344 48773.2146100000 0.0623628426 -230477 34400.00000
345 48773.2146100000 0.0623628426 -228874 34500.00000
346 48773.2146100000 0.0623628426 -227270 34600.00000
347 48773.2146100000 0.0623628426 -225667 34700.00000
348 48773.2146100000 0.0623628426 -224063 34800.00000
349 48773.2146100000 0.0623628426 -222460 34900.00000
350 48773.2146100000 0.0623628426 -220856 35000.00000
351 48773.2146100000 0.0623628426 -219253 35100.00000
352 48773.2146100000 0.0623628426 -217649 35200.00000
353 48773.2146100000 0.0623628426 -216046 35300.00000
354 48773.2146100000 0.0623628426 -214442 35400.00000
355 48773.2146100000 0.0623628426 -212839 35500.00000
356 48773.2146100000 0.0623628426 -211235 35600.00000
357 48773.2146100000 0.0623628426 -209631 35700.00000
358 48773.2146100000 0.0623628426 -208028 35800.00000
359 48773.2146100000 0.0623628426 -206424 35900.00000
360 48773.2146100000 0.0623628426 -204821 36000.00000
361 48773.2146100000 0.0623628426 -203217 36100.00000
362 48773.2146100000 0.0623628426 -201614 36200.00000
363 48773.2146100000 0.0623628426 -200010 36300.00000
364 48773.2146100000 0.0623628426 -198407 36400.00000
365 48773.2146100000 0.0623628426 -196803 36500.00000
366 48773.2146100000 0.0623628426 -195200 36600.00000
367 48773.2146100000 0.0623628426 -193596 36700.00000
368 48773.2146100000 0.0623628426 -191993 36800.00000
369 48773.2146100000 0.0623628426 -190389 36900.00000
370 48773.2146100000 0.0623628426 -188786 37000.00000
371 48773.2146100000 0.0623628426 -187182 37100.00000
372 48773.2146100000 0.0623628426 -185579 37200.00000
373 48773.2146100000 0.0623628426 -183975 37300.00000
374 48773.2146100000 0.0623628426 -182372 37400.00000
375 48773.2146100000 0.0623628426 -180768 37500.00000
376 48773.2146100000 0.0623628426 -179165 37600.00000
377 48773.2146100000 0.0623628426 -177561 37700.00000
378 48773.2146100000 0.0623628426 -175958 37800.00000
379 48773.2146100000 0.0623628426 -174354 37900.00000
380 48773.2146100000 0.0623628426 -172751 38000.00000
381 48773.2146100000 0.0623628426 -171147 38100.00000
382 48773.2146100000 0.0623628426 -169544 38200.00000
383 48773.2146100000 0.0623628426 -167940 38300.00000
384 48773.2146100000 0.0623628426 -166336 38400.00000
385 48773.2146100000 0.0623628426 -164733 38500.00000
386 48773.2146100000 0.0623628426 -163129 38600.00000
387 48773.2146100000 0.0623628426 -161526 38700.00000
388 48773.2146100000 0.0623628426 -159922 38800.00000
389 48773.2146100000 0.0623628426 -158319 38900.00000
390 48773.2146100000 0.0623628426 -156715 39000.00000
391 48773.2146100000 0.0623628426 -155112 39100.00000
392 48773.2146100000 0.0623628426 -153508 39200.00000
393 48773.2146100000 0.0623628426 -151905 39300.00000
394 48773.2146100000 0.0623628426 -150301 39400.00000
395 48773.2146100000 0.0623628426 -148698 39500.00000
396 48773.2146100000 0.0623628426 -147094 39600.00000
397 48773.2146100000 0.0623628426 -145491 39700.00000
398 48773.2146100000 0.0623628426 -143887 39800.00000
399 48773.2146100000 0.0623628426 -142284 39900.00000
400 48773.2146100000 0.0623628426 -140680 40000.00000
401 48773.2146100000 0.0623628426 -139077 40100.00000
402 48773.2146100000 0.0623628426 -137473 40200.00000
403 48773.2146100000 0.0623628426 -135870 40300.00000
404 48773.2146100000 0.0623628426 -134266 40400.00000
405 48773.2146100000 0.0623628426 -132663 40500.00000
406 48773.2146100000 0.0623628426 -131059 40600.00000
407 48773.2146100000 0.0623628426 -129456 40700.00000
408 48773.2146100000 0.0623628426 -127852 40800.00000
409 48773.2146100000 0.0623628426 -126248 40900.00000
410 48773.2146100000 0.0623628426 -124645 41000.00000
411 48773.2146100000 0.0623628426 -123041 41100.00000
412 48773.2146100000 0.0623628426 -121438 41200.00000
413 48773.2146100000 0.0623628426 -119834 41300.00000
414 48773.2146100000 0.0623628426 -118231 41400.00000
415 48773.2146100000 0.0623628426 -116627 41500.00000
416 48773.2146100000 0.0623628426 -115024 41600.00000
417 48773.2146100000 0.0623628426 -113420 41700.00000
418 48773.2146100000 0.0623628426 -111817 41800.00000
419 48773.2146100000 0.0623628426 -110213 41900.00000
420 48773.2146100000 0.0623628426 -108610 42000.00000
421 48773.2146100000 0.0623628426 -107006 42100.00000
422 48773.2146100000 0.0623628426 -105403 42200.00000
423 48773.2146100000 0.0623628426 -103799 42300.00000
424 48773.2146100000 0.0623628426 -102196 42400.00000
425 48773.2146100000 0.0623628426 -100592 42500.00000
426 48773.2146100000 0.0623628426 -98989 42600.00000
427 48773.2146100000 0.0623628426 -97385 42700.00000
428 48773.2146100000 0.0623628426 -95782 42800.00000
429 48773.2146100000 0.0623628426 -94178 42900.00000
430 48773.2146100000 0.0623628426 -92575 43000.00000
431 48773.2146100000 0.0623628426 -90971 43100.00000
432 48773.2146100000 0.0623628426 -89368 43200.00000
433 48773.2146100000 0.0623628426 -87764 43300.00000
434 48773.2146100000 0.0623628426 -86161 43400.00000
435 48773.2146100000 0.0623628426 -84557 43500.00000
436 48773.2146100000 0.0623628426 -82953 43600.00000
437 48773.2146100000 0.0623628426 -81350 43700.00000
438 48773.2146100000 0.0623628426 -79746 43800.00000
439 48773.2146100000 0.0623628426 -78143 43900.00000
440 48773.2146100000 0.0623628426 -76539 44000.00000
441 48773.2146100000 0.0623628426 -74936 44100.00000
442 48773.2146100000 0.0623628426 -73332 44200.00000
443 48773.2146100000 0.0623628426 -71729 44300.00000
444 48773.2146100000 0.0623628426 -70125 44400.00000
445 48773.2146100000 0.0623628426 -68522 44500.00000
446 48773.2146100000 0.0623628426 -66918 44600.00000
447 48773.2146100000 0.0623628426 -65315 44700.00000
448 48773.2146100000 0.0623628426 -63711 44800.00000
449 48773.2146100000 0.0623628426 -62108 44900.00000
450 48773.2146100000 0.0623628426 -60504 45000.00000
451 48773.2146100000 0.0623628426 -58901 45100.00000
452 48773.2146100000 0.0623628426 -57297 45200.00000
453 48773.2146100000 0.0623628426 -55694 45300.00000
454 48773.2146100000 0.0623628426 -54090 45400.00000
455 48773.2146100000 0.0623628426 -52487 45500.00000
456 48773.2146100000 0.0623628426 -50883 45600.00000
457 48773.2146100000 0.0623628426 -49280 45700.00000
458 48773.2146100000 0.0623628426 -47676 45800.00000
459 48773.2146100000 0.0623628426 -46073 45900.00000
460 48773.2146100000 0.0623628426 -44469 46000.00000
461 48773.2146100000 0.0623628426 -42866 46100.00000
462 48773.2146100000 0.0623628426 -41262 46200.00000
463 48773.2146100000 0.0623628426 -39658 46300.00000
464 48773.2146100000 0.0623628426 -38055 46400.00000
465 48773.2146100000 0.0623628426 -36451 46500.00000
466 48773.2146100000 0.0623628426 -34848 46600.00000
467 48773.2146100000 0.0623628426 -33244 46700.00000
468 48773.2146100000 0.0623628426 -31641 46800.00000
469 48773.2146100000 0.0623628426 -30037 46900.00000
470 48773.2146100000 0.0623628426 -28434 47000.00000
471 48773.2146100000 0.0623628426 -26830 47100.00000
472 48773.2146100000 0.0623628426 -25227 47200.00000
473 48773.2146100000 0.0623628426 -23623 47300.00000
474 48773.2146100000 0.0623628426 -22020 47400.00000
475 48773.2146100000 0.0623628426 -20416 47500.00000
476 48773.2146100000 0.0623628426 -18813 47600.00000
477 48773.2146100000 0.0623628426 -17209 47700.00000
478 48773.2146100000 0.0623628426 -15606 47800.00000
479 48773.2146100000 0.0623628426 -14002 47900.00000
480 48773.2146100000 0.0623628426 -12399 48000.00000
481 48773.2146100000 0.0623628426 -10795 48100.00000
482 48773.2146100000 0.0623628426 -9192 48200.00000
483 48773.2146100000 0.0623628426 -7588 48300.00000
484 48773.2146100000 0.0623628426 -5985 48400.00000
485 48773.2146100000 0.0623628426 -4381 48500.00000
486 48773.2146100000 0.0623628426 -2778 48600.00000
487 48773.2146100000 0.0623628426 -1174 48700.00000
488 48773.2146100000 0.0623628426 430 48800.00000
489 48773.2146100000 0.0623628426 2033 48900.00000
490 48773.2146100000 0.0623628426 3637 49000.00000
491 48773.2146100000 0.0623628426 5240 49100.00000
492 48773.2146100000 0.0623628426 6844 49200.00000
493 48773.2146100000 0.0623628426 8447 49300.00000
494 48773.2146100000 0.0623628426 10051 49400.00000
495 48773.2146100000 0.0623628426 11654 49500.00000
496 48773.2146100000 0.0623628426 13258 49600.00000
497 48773.2146100000 0.0623628426 14861 49700.00000
498 48773.2146100000 0.0623628426 16465 49800.00000
499 48773.2146100000 0.0623628426 18068 49900.00000
500 48773.2146100000 0.0623628426 19672 50000.00000
501 48773.2146100000 0.0623628426 21275 50100.00000
502 48773.2146100000 0.0623628426 22879 50200.00000
503 48773.2146100000 0.0623628426 24482 50300.00000
504 48773.2146100000 0.0623628426 26086 50400.00000
505 48773.2146100000 0.0623628426 27689 50500.00000
506 48773.2146100000 0.0623628426 29293 50600.00000
507 48773.2146100000 0.0623628426 30896 50700.00000
508 48773.2146100000 0.0623628426 32500 50800.00000
509 48773.2146100000 0.0623628426 34103 50900.00000
510 48773.2146100000 0.0623628426 35707 51000.00000
511 48773.2146100000 0.0623628426 37310 51100.00000
512 48773.2146100000 0.0623628426 38914 51200.00000
513 48773.2146100000 0.0623628426 40517 51300.00000
514 48773.2146100000 0.0623628426 42121 51400.00000
515 48773.2146100000 0.0623628426 43725 51500.00000
516 48773.2146100000 0.0623628426 45328 51600.00000
517 48773.2146100000 0.0623628426 46932 51700.00000
518 48773.2146100000 0.0623628426 48535 51800.00000
519 48773.2146100000 0.0623628426 50139 51900.00000
520 48773.2146100000 0.0623628426 51742 52000.00000
521 48773.2146100000 0.0623628426 53346 52100.00000
522 48773.2146100000 0.0623628426 54949 52200.00000
523 48773.2146100000 0.0623628426 56553 52300.00000
524 48773.2146100000 0.0623628426 58156 52400.00000
525 48773.2146100000 0.0623628426 59760 52500.00000
526 48773.2146100000 0.0623628426 61363 52600.00000
527 48773.2146100000 0.0623628426 62967 52700.00000
528 48773.2146100000 0.0623628426 64570 52800.00000
529 48773.2146100000 0.0623628426 66174 52900.00000
530 48773.2146100000 0.0623628426 67777 53000.00000
531 48773.2146100000 0.0623628426 69381 53100.00000
532 48773.2146100000 0.0623628426 70984 53200.00000
533 48773.2146100000 0.0623628426 72588 53300.00000
534 48773.2146100000 0.0623628426 74191 53400.00000
535 48773.2146100000 0.0623628426 75795 53500.00000
536 48773.2146100000 0.0623628426 77398 53600.00000
537 48773.2146100000 0.0623628426 79002 53700.00000
538 48773.2146100000 0.0623628426 80605 53800.00000
539 48773.2146100000 0.0623628426 82209 53900.00000
540 48773.2146100000 0.0623628426 83812 54000.00000
541 48773.2146100000 0.0623628426 85416 54100.00000
542 48773.2146100000 0.0623628426 87020 54200.00000
543 48773.2146100000 0.0623628426 88623 54300.00000
544 48773.2146100000 0.0623628426 90227 54400.00000
545 48773.2146100000 0.0623628426 91830 54500.00000
546 48773.2146100000 0.0623628426 93434 54600.00000
547 48773.2146100000 0.0623628426 95037 54700.00000
548 48773.2146100000 0.0623628426 96641 54800.00000
549 48773.2146100000 0.0623628426 98244 54900.00000
550 48773.2146100000 0.0623628426 99848 55000.00000
551 48773.2146100000 0.0623628426 101451 55100.00000
552 48773.2146100000 0.0623628426 103055 55200.00000
553 48773.2146100000 0.0623628426 104658 55300.00000
554 48773.2146100000 0.0623628426 106262 55400.00000
555 48773.2146100000 0.0623628426 107865 55500.00000
556 48773.2146100000 0.0623628426 109469 55600.00000
557 48773.2146100000 0.0623628426 111072 55700.00000
558 48773.2146100000 0.0623628426 112676 55800.00000
559 48773.2146100000 0.0623628426 114279 55900.00000
560 48773.2146100000 0.0623628426 115883 56000.00000
561 48773.2146100000 0.0623628426 117486 56100.00000
562 48773.2146100000 0.0623628426 119090 56200.00000
563 48773.2146100000 0.0623628426 120693 56300.00000
564 48773.2146100000 0.0623628426 122297 56400.00000
565 48773.2146100000 0.0623628426 123900 56500.00000
566 48773.2146100000 0.0623628426 125504 56600.00000
567 48773.2146100000 0.0623628426 127108 56700.00000
568 48773.2146100000 0.0623628426 128711 56800.00000
569 48773.2146100000 0.0623628426 130315 56900.00000
570 48773.2146100000 0.0623628426 131918 57000.00000
571 48773.2146100000 0.0623628426 133522 57100.00000
572 48773.2146100000 0.0623628426 135125 57200.00000
573 48773.2146100000 0.0623628426 136729 57300.00000
574 48773.2146100000 0.0623628426 138332 57400.00000
575 48773.2146100000 0.0623628426 139936 57500.00000
576 48773.2146100000 0.0623628426 141539 57600.00000
577 48773.2146100000 0.0623628426 143143 57700.00000
578 48773.2146100000 0.0623628426 144746 57800.00000
579 48773.2146100000 0.0623628426 146350 57900.00000
580 48773.2146100000 0.0623628426 147953 58000.00000
581 48773.2146100000 0.0623628426 149557 58100.00000
582 48773.2146100000 0.0623628426 151160 58200.00000
583 48773.2146100000 0.0623628426 152764 58300.00000
584 48773.2146100000 0.0623628426 154367 58400.00000
585 48773.2146100000 0.0623628426 155971 58500.00000
586 48773.2146100000 0.0623628426 157574 58600.00000
587 48773.2146100000 0.0623628426 159178 58700.00000
588 48773.2146100000 0.0623628426 160781 58800.00000
589 48773.2146100000 0.0623628426 162385 58900.00000
590 48773.2146100000 0.0623628426 163988 59000.00000
591 48773.2146100000 0.0623628426 165592 59100.00000
592 48773.2146100000 0.0623628426 167195 59200.00000
593 48773.2146100000 0.0623628426 168799 59300.00000
594 48773.2146100000 0.0623628426 170403 59400.00000
595 48773.2146100000 0.0623628426 172006 59500.00000
596 48773.2146100000 0.0623628426 173610 59600.00000
597 48773.2146100000 0.0623628426 175213 59700.00000
598 48773.2146100000 0.0623628426 176817 59800.00000
599 48773.2146100000 0.0623628426 178420 59900.00000
600 48773.2146100000 0.0623628426 180024 60000.00000
601 48773.2146100000 0.0623628426 181627 60100.00000
602 48773.2146100000 0.0623628426 183231 60200.00000
603 48773.2146100000 0.0623628426 184834 60300.00000
604 48773.2146100000 0.0623628426 186438 60400.00000
605 48773.2146100000 0.0623628426 188041 60500.00000
606 48773.2146100000 0.0623628426 189645 60600.00000
607 48773.2146100000 0.0623628426 191248 60700.00000
608 48773.2146100000 0.0623628426 192852 60800.00000
609 48773.2146100000 0.0623628426 194455 60900.00000
610 48773.2146100000 0.0623628426 196059 61000.00000
611 48773.2146100000 0.0623628426 197662 61100.00000
612 48773.2146100000 0.0623628426 199266 61200.00000
613 48773.2146100000 0.0623628426 200869 61300.00000
614 48773.2146100000 0.0623628426 202473 61400.00000
615 48773.2146100000 0.0623628426 204076 61500.00000
616 48773.2146100000 0.0623628426 205680 61600.00000
617 48773.2146100000 0.0623628426 207283 61700.00000
618 48773.2146100000 0.0623628426 208887 61800.00000
619 48773.2146100000 0.0623628426 210490 61900.00000
620 48773.2146100000 0.0623628426 212094 62000.00000
621 48773.2146100000 0.0623628426 213698 62100.00000
622 48773.2146100000 0.0623628426 215301 62200.00000
623 48773.2146100000 0.0623628426 216905 62300.00000
624 48773.2146100000 0.0623628426 218508 62400.00000
625 48773.2146100000 0.0623628426 220112 62500.00000
626 48773.2146100000 0.0623628426 221715 62600.00000
627 48773.2146100000 0.0623628426 223319 62700.00000
628 48773.2146100000 0.0623628426 224922 62800.00000
629 48773.2146100000 0.0623628426 226526 62900.00000
630 48773.2146100000 0.0623628426 228129 63000.00000
631 48773.2146100000 0.0623628426 229733 63100.00000
632 48773.2146100000 0.0623628426 231336 63200.00000
633 48773.2146100000 0.0623628426 232940 63300.00000
634 48773.2146100000 0.0623628426 234543 63400.00000
635 48773.2146100000 0.0623628426 236147 63500.00000
636 48773.2146100000 0.0623628426 237750 63600.00000
637 48773.2146100000 0.0623628426 239354 63700.00000
638 48773.2146100000 0.0623628426 240957 63800.00000
639 48773.2146100000 0.0623628426 242561 63900.00000
640 48773.2146100000 0.0623628426 244164 64000.00000
641 48773.2146100000 0.0623628426 245768 64100.00000
642 48773.2146100000 0.0623628426 247371 64200.00000
643 48773.2146100000 0.0623628426 248975 64300.00000
644 48773.2146100000 0.0623628426 250578 64400.00000
645 48773.2146100000 0.0623628426 252182 64500.00000
646 48773.2146100000 0.0623628426 253786 64600.00000
647 48773.2146100000 0.0623628426 255389 64700.00000
648 48773.2146100000 0.0623628426 256993 64800.00000
649 48773.2146100000 0.0623628426 258596 64900.00000
650 48773.2146100000 0.0623628426 260200 65000.00000
651 48773.2146100000 0.0623628426 261803 65100.00000
652 48773.2146100000 0.0623628426 263407 65200.00000
653 48773.2146100000 0.0623628426 265010 65300.00000
654 48773.2146100000 0.0623628426 266614 65400.00000
655 48773.2146100000 0.0623628426 268217 65500.00000
656 48773.2146100000 0.0623628426 269821 65600.00000
657 48773.2146100000 0.0623628426 271424 65700.00000
658 48773.2146100000 0.0623628426 273028 65800.00000
659 48773.2146100000 0.0623628426 274631 65900.00000
660 48773.2146100000 0.0623628426 276235 66000.00000
661 48773.2146100000 0.0623628426 277838 66100.00000
662 48773.2146100000 0.0623628426 279442 66200.00000
663 48773.2146100000 0.0623628426 281045 66300.00000
664 48773.2146100000 0.0623628426 282649 66400.00000
665 48773.2146100000 0.0623628426 284252 66500.00000
666 48773.2146100000 0.0623628426 285856 66600.00000
667 48773.2146100000 0.0623628426 287459 66700.00000
668 48773.2146100000 0.0623628426 289063 66800.00000
669 48773.2146100000 0.0623628426 290666 66900.00000
670 48773.2146100000 0.0623628426 292270 67000.00000
671 48773.2146100000 0.0623628426 293873 67100.00000
672 48773.2146100000 0.0623628426 295477 67200.00000
673 48773.2146100000 0.0623628426 297081 67300.00000
674 48773.2146100000 0.0623628426 298684 67400.00000
675 48773.2146100000 0.0623628426 300288 67500.00000
676 48773.2146100000 0.0623628426 301891 67600.00000
677 48773.2146100000 0.0623628426 303495 67700.00000
678 48773.2146100000 0.0623628426 305098 67800.00000
679 48773.2146100000 0.0623628426 306702 67900.00000
680 48773.2146100000 0.0623628426 308305 68000.00000
681 48773.2146100000 0.0623628426 309909 68100.00000
682 48773.2146100000 0.0623628426 311512 68200.00000
683 48773.2146100000 0.0623628426 313116 68300.00000
684 48773.2146100000 0.0623628426 314719 68400.00000
685 48773.2146100000 0.0623628426 316323 68500.00000
686 48773.2146100000 0.0623628426 317926 68600.00000
687 48773.2146100000 0.0623628426 319530 68700.00000
688 48773.2146100000 0.0623628426 321133 68800.00000
689 48773.2146100000 0.0623628426 322737 68900.00000
690 48773.2146100000 0.0623628426 324340 69000.00000
691 48773.2146100000 0.0623628426 325944 69100.00000
692 48773.2146100000 0.0623628426 327547 69200.00000
693 48773.2146100000 0.0623628426 329151 69300.00000
694 48773.2146100000 0.0623628426 330754 69400.00000
695 48773.2146100000 0.0623628426 332358 69500.00000
696 48773.2146100000 0.0623628426 333961 69600.00000
697 48773.2146100000 0.0623628426 335565 69700.00000
698 48773.2146100000 0.0623628426 337168 69800.00000
699 48773.2146100000 0.0623628426 338772 69900.00000
