300 30000.00 48773.2146100000 0.0623628426 -301032 -3.37613
301 30100.00 48773.2146100000 0.0623628426 -299429 -1.29027
302 30200.00 48773.2146100000 0.0623628426 -297825 0.81097
303 30300.00 48773.2146100000 0.0623628426 -296221 2.92267
304 30400.00 48773.2146100000 0.0623628426 -294618 5.04011
305 30500.00 48773.2146100000 0.0623628426 -293014 7.15871
306 30600.00 48773.2146100000 0.0623628426 -291411 9.27407
307 30700.00 48773.2146100000 0.0623628426 -289807 11.38197
308 30800.00 48773.2146100000 0.0623628426 -288204 13.47831
309 30900.00 48773.2146100000 0.0623628426 -286600 15.55917
310 31000.00 48773.2146100000 0.0623628426 -284997 17.62078
311 31100.00 48773.2146100000 0.0623628426 -283393 19.65951
312 31200.00 48773.2146100000 0.0623628426 -281790 21.67187
313 31300.00 48773.2146100000 0.0623628426 -280186 23.65450
314 31400.00 48773.2146100000 0.0623628426 -278583 25.60418
315 31500.00 48773.2146100000 0.0623628426 -276979 27.51780
316 31600.00 48773.2146100000 0.0623628426 -275376 29.39239
317 31700.00 48773.2146100000 0.0623628426 -273772 31.22508
318 31800.00 48773.2146100000 0.0623628426 -272169 33.01312
319 31900.00 48773.2146100000 0.0623628426 -270565 34.75384
320 32000.00 48773.2146100000 0.0623628426 -268962 36.44471
321 32100.00 48773.2146100000 0.0623628426 -267358 38.08327
322 32200.00 48773.2146100000 0.0623628426 -265755 39.66716
323 32300.00 48773.2146100000 0.0623628426 -264151 41.19410
324 32400.00 48773.2146100000 0.0623628426 -262548 42.66192
325 32500.00 48773.2146100000 0.0623628426 -260944 44.06851
326 32600.00 48773.2146100000 0.0623628426 -259341 45.41184
327 32700.00 48773.2146100000 0.0623628426 -257737 46.68996
328 32800.00 48773.2146100000 0.0623628426 -256134 47.90101
329 32900.00 48773.2146100000 0.0623628426 -254530 49.04318
330 33000.00 48773.2146100000 0.0623628426 -252926 50.11473
331 33100.00 48773.2146100000 0.0623628426 -251323 51.11401
332 33200.00 48773.2146100000 0.0623628426 -249719 52.03942
333 33300.00 48773.2146100000 0.0623628426 -248116 52.88941
334 33400.00 48773.2146100000 0.0623628426 -246512 53.66254
335 33500.00 48773.2146100000 0.0623628426 -244909 54.35740
336 33600.00 48773.2146100000 0.0623628426 -243305 54.97265
337 33700.00 48773.2146100000 0.0623628426 -241702 55.50701
338 33800.00 48773.2146100000 0.0623628426 -240098 55.95930
339 33900.00 48773.2146100000 0.0623628426 -238495 56.32835
340 34000.00 48773.2146100000 0.0623628426 -236891 56.61312
341 34100.00 48773.2146100000 0.0623628426 -235288 56.81258
342 34200.00 48773.2146100000 0.0623628426 -233684 56.92582
343 34300.00 48773.2146100000 0.0623628426 -232081 56.95198
344 34400.00 48773.2146100000 0.0623628426 -230477 56.89028
345 34500.00 48773.2146100000 0.0623628426 -228874 56.74002
346 34600.00 48773.2146100000 0.0623628426 -227270 56.50060
347 34700.00 48773.2146100000 0.0623628426 -225667 56.17149
348 34800.00 48773.2146100000 0.0623628426 -224063 55.75228
349 34900.00 48773.2146100000 0.0623628426 -222460 55.24262
350 35000.00 48773.2146100000 0.0623628426 -220856 54.64231
351 35100.00 48773.2146100000 0.0623628426 -219253 53.95124
352 35200.00 48773.2146100000 0.0623628426 -217649 53.16944
353 35300.00 48773.2146100000 0.0623628426 -216046 52.29704
354 35400.00 48773.2146100000 0.0623628426 -214442 51.33434
355 35500.00 48773.2146100000 0.0623628426 -212839 50.28178
356 35600.00 48773.2146100000 0.0623628426 -211235 49.13995
357 35700.00 48773.2146100000 0.0623628426 -209631 47.90963
358 35800.00 48773.2146100000 0.0623628426 -208028 46.59176
359 35900.00 48773.2146100000 0.0623628426 -206424 45.18749
360 36000.00 48773.2146100000 0.0623628426 -204821 43.69819
361 36100.00 48773.2146100000 0.0623628426 -203217 42.12544
362 36200.00 48773.2146100000 0.0623628426 -201614 40.47106
363 36300.00 48773.2146100000 0.0623628426 -200010 38.73713
364 36400.00 48773.2146100000 0.0623628426 -198407 36.92601
365 36500.00 48773.2146100000 0.0623628426 -196803 35.04033
366 36600.00 48773.2146100000 0.0623628426 -195200 33.08304
367 36700.00 48773.2146100000 0.0623628426 -193596 31.05740
368 36800.00 48773.2146100000 0.0623628426 -191993 28.96702
369 36900.00 48773.2146100000 0.0623628426 -190389 26.81586
370 37000.00 48773.2146100000 0.0623628426 -188786 24.60824
371 37100.00 48773.2146100000 0.0623628426 -187182 22.34886
372 37200.00 48773.2146100000 0.0623628426 -185579 20.04284
373 37300.00 48773.2146100000 0.0623628426 -183975 17.69568
374 37400.00 48773.2146100000 0.0623628426 -182372 15.31328
375 37500.00 48773.2146100000 0.0623628426 -180768 12.90198
376 37600.00 48773.2146100000 0.0623628426 -179165 10.46850
377 37700.00 48773.2146100000 0.0623628426 -177561 8.01998
378 37800.00 48773.2146100000 0.0623628426 -175958 5.56395
379 37900.00 48773.2146100000 0.0623628426 -174354 3.10831
380 38000.00 48773.2146100000 0.0623628426 -172751 0.66129
381 38100.00 48773.2146100000 0.0623628426 -171147 -1.76854
382 38200.00 48773.2146100000 0.0623628426 -169544 -4.17236
383 38300.00 48773.2146100000 0.0623628426 -167940 -6.54113
384 38400.00 48773.2146100000 0.0623628426 -166336 -8.86562
385 38500.00 48773.2146100000 0.0623628426 -164733 -11.13653
386 38600.00 48773.2146100000 0.0623628426 -163129 -13.34453
387 38700.00 48773.2146100000 0.0623628426 -161526 -15.48033
388 38800.00 48773.2146100000 0.0623628426 -159922 -17.53479
389 38900.00 48773.2146100000 0.0623628426 -158319 -19.49899
390 39000.00 48773.2146100000 0.0623628426 -156715 -21.36432
391 39100.00 48773.2146100000 0.0623628426 -155112 -23.12258
392 39200.00 48773.2146100000 0.0623628426 -153508 -24.76607
393 39300.00 48773.2146100000 0.0623628426 -151905 -26.28766
394 39400.00 48773.2146100000 0.0623628426 -150301 -27.68087
395 39500.00 48773.2146100000 0.0623628426 -148698 -28.93995
396 39600.00 48773.2146100000 0.0623628426 -147094 -30.05990
397 39700.00 48773.2146100000 0.0623628426 -145491 -31.03659
398 39800.00 48773.2146100000 0.0623628426 -143887 -31.86669
399 39900.00 48773.2146100000 0.0623628426 -142284 -32.54778
400 40000.00 48773.2146100000 0.0623628426 -140680 -33.07832
401 40100.00 48773.2146100000 0.0623628426 -139077 -33.45762
402 40200.00 48773.2146100000 0.0623628426 -137473 -33.68584
403 40300.00 48773.2146100000 0.0623628426 -135870 -33.76397
404 40400.00 48773.2146100000 0.0623628426 -134266 -33.69378
405 40500.00 48773.2146100000 0.0623628426 -132663 -33.47775
406 40600.00 48773.2146100000 0.0623628426 -131059 -33.11902
407 40700.00 48773.2146100000 0.0623628426 -129456 -32.62136
408 40800.00 48773.2146100000 0.0623628426 -127852 -31.98905
409 40900.00 48773.2146100000 0.0623628426 -126248 -31.22688
410 41000.00 48773.2146100000 0.0623628426 -124645 -30.34001
411 41100.00 48773.2146100000 0.0623628426 -123041 -29.33396
412 41200.00 48773.2146100000 0.0623628426 -121438 -28.21454
413 41300.00 48773.2146100000 0.0623628426 -119834 -26.98777
414 41400.00 48773.2146100000 0.0623628426 -118231 -25.65982
415 41500.00 48773.2146100000 0.0623628426 -116627 -24.23701
416 41600.00 48773.2146100000 0.0623628426 -115024 -22.72569
417 41700.00 48773.2146100000 0.0623628426 -113420 -21.13227
418 41800.00 48773.2146100000 0.0623628426 -111817 -19.46313
419 41900.00 48773.2146100000 0.0623628426 -110213 -17.72461
420 42000.00 48773.2146100000 0.0623628426 -108610 -15.92299
421 42100.00 48773.2146100000 0.0623628426 -107006 -14.06443
422 42200.00 48773.2146100000 0.0623628426 -105403 -12.15502
423 42300.00 48773.2146100000 0.0623628426 -103799 -10.20068
424 42400.00 48773.2146100000 0.0623628426 -102196 -8.20721
425 42500.00 48773.2146100000 0.0623628426 -100592 -6.18025
426 42600.00 48773.2146100000 0.0623628426 -98989 -4.12529
427 42700.00 48773.2146100000 0.0623628426 -97385 -2.04763
428 42800.00 48773.2146100000 0.0623628426 -95782 0.04758
429 42900.00 48773.2146100000 0.0623628426 -94178 2.15535
430 43000.00 48773.2146100000 0.0623628426 -92575 4.27088
431 43100.00 48773.2146100000 0.0623628426 -90971 6.38952
432 43200.00 48773.2146100000 0.0623628426 -89368 8.50682
433 43300.00 48773.2146100000 0.0623628426 -87764 10.61845
434 43400.00 48773.2146100000 0.0623628426 -86161 12.72028
435 43500.00 48773.2146100000 0.0623628426 -84557 14.80830
436 43600.00 48773.2146100000 0.0623628426 -82953 16.87869
437 43700.00 48773.2146100000 0.0623628426 -81350 18.92774
438 43800.00 48773.2146100000 0.0623628426 -79746 20.95192
439 43900.00 48773.2146100000 0.0623628426 -78143 22.94780
440 44000.00 48773.2146100000 0.0623628426 -76539 24.91211
441 44100.00 48773.2146100000 0.0623628426 -74936 26.84168
442 44200.00 48773.2146100000 0.0623628426 -73332 28.73350
443 44300.00 48773.2146100000 0.0623628426 -71729 30.58465
444 44400.00 48773.2146100000 0.0623628426 -70125 32.39231
445 44500.00 48773.2146100000 0.0623628426 -68522 34.15380
446 44600.00 48773.2146100000 0.0623628426 -66918 35.86653
447 44700.00 48773.2146100000 0.0623628426 -65315 37.52799
448 44800.00 48773.2146100000 0.0623628426 -63711 39.13579
449 44900.00 48773.2146100000 0.0623628426 -62108 40.68762
450 45000.00 48773.2146100000 0.0623628426 -60504 42.18126
451 45100.00 48773.2146100000 0.0623628426 -58901 43.61456
452 45200.00 48773.2146100000 0.0623628426 -57297 44.98547
453 45300.00 48773.2146100000 0.0623628426 -55694 46.29201
454 45400.00 48773.2146100000 0.0623628426 -54090 47.53228
455 45500.00 48773.2146100000 0.0623628426 -52487 48.70443
456 45600.00 48773.2146100000 0.0623628426 -50883 49.80671
457 45700.00 48773.2146100000 0.0623628426 -49280 50.83743
458 45800.00 48773.2146100000 0.0623628426 -47676 51.79495
459 45900.00 48773.2146100000 0.0623628426 -46073 52.67773
460 46000.00 48773.2146100000 0.0623628426 -44469 53.48425
461 46100.00 48773.2146100000 0.0623628426 -42866 54.21311
462 46200.00 48773.2146100000 0.0623628426 -41262 54.86292
463 46300.00 48773.2146100000 0.0623628426 -39658 55.43240
464 46400.00 48773.2146100000 0.0623628426 -38055 55.92030
465 46500.00 48773.2146100000 0.0623628426 -36451 56.32546
466 46600.00 48773.2146100000 0.0623628426 -34848 56.64679
467 46700.00 48773.2146100000 0.0623628426 -33244 56.88323
468 46800.00 48773.2146100000 0.0623628426 -31641 57.03385
469 46900.00 48773.2146100000 0.0623628426 -30037 57.09774
470 47000.00 48773.2146100000 0.0623628426 -28434 57.07411
471 47100.00 48773.2146100000 0.0623628426 -26830 56.96220
472 47200.00 48773.2146100000 0.0623628426 -25227 56.76139
473 47300.00 48773.2146100000 0.0623628426 -23623 56.47110
474 47400.00 48773.2146100000 0.0623628426 -22020 56.09088
475 47500.00 48773.2146100000 0.0623628426 -20416 55.62034
476 47600.00 48773.2146100000 0.0623628426 -18813 55.05923
477 47700.00 48773.2146100000 0.0623628426 -17209 54.40739
478 47800.00 48773.2146100000 0.0623628426 -15606 53.66480
479 47900.00 48773.2146100000 0.0623628426 -14002 52.83153
480 48000.00 48773.2146100000 0.0623628426 -12399 51.90781
481 48100.00 48773.2146100000 0.0623628426 -10795 50.89402
482 48200.00 48773.2146100000 0.0623628426 -9192 49.79069
483 48300.00 48773.2146100000 0.0623628426 -7588 48.59851
484 48400.00 48773.2146100000 0.0623628426 -5985 47.31835
485 48500.00 48773.2146100000 0.0623628426 -4381 45.95127
486 48600.00 48773.2146100000 0.0623628426 -2778 44.49854
487 48700.00 48773.2146100000 0.0623628426 -1174 42.96164
488 48800.00 48773.2146100000 0.0623628426 430 41.34230
489 48900.00 48773.2146100000 0.0623628426 2033 39.64248
490 49000.00 48773.2146100000 0.0623628426 3637 37.86442
491 49100.00 48773.2146100000 0.0623628426 5240 36.01062
492 49200.00 48773.2146100000 0.0623628426 6844 34.08390
493 49300.00 48773.2146100000 0.0623628426 8447 32.08738
494 49400.00 48773.2146100000 0.0623628426 10051 30.02451
495 49500.00 48773.2146100000 0.0623628426 11654 27.89911
496 49600.00 48773.2146100000 0.0623628426 13258 25.71534
497 49700.00 48773.2146100000 0.0623628426 14861 23.47773
498 49800.00 48773.2146100000 0.0623628426 16465 21.19122
499 49900.00 48773.2146100000 0.0623628426 18068 18.86114
500 50000.00 48773.2146100000 0.0623628426 19672 16.49322
501 50100.00 48773.2146100000 0.0623628426 21275 14.09360
502 50200.00 48773.2146100000 0.0623628426 22879 11.66886
503 50300.00 48773.2146100000 0.0623628426 24482 9.22594
504 50400.00 48773.2146100000 0.0623628426 26086 6.77220
505 50500.00 48773.2146100000 0.0623628426 27689 4.31540
506 50600.00 48773.2146100000 0.0623628426 29293 1.86362
507 50700.00 48773.2146100000 0.0623628426 30896 -0.57470
508 50800.00 48773.2146100000 0.0623628426 32500 -2.99086
509 50900.00 48773.2146100000 0.0623628426 34103 -5.37590
510 51000.00 48773.2146100000 0.0623628426 35707 -7.72067
511 51100.00 48773.2146100000 0.0623628426 37310 -10.01588
512 51200.00 48773.2146100000 0.0623628426 38914 -12.25222
513 51300.00 48773.2146100000 0.0623628426 40517 -14.42036
514 51400.00 48773.2146100000 0.0623628426 42121 -16.51108
515 51500.00 48773.2146100000 0.0623628426 43725 -18.51536
516 51600.00 48773.2146100000 0.0623628426 45328 -20.42446
517 51700.00 48773.2146100000 0.0623628426 46932 -22.22997
518 51800.00 48773.2146100000 0.0623628426 48535 -23.92398
519 51900.00 48773.2146100000 0.0623628426 50139 -25.49909
520 52000.00 48773.2146100000 0.0623628426 51742 -26.94853
521 52100.00 48773.2146100000 0.0623628426 53346 -28.26624
522 52200.00 48773.2146100000 0.0623628426 54949 -29.44688
523 52300.00 48773.2146100000 0.0623628426 56553 -30.48594
524 52400.00 48773.2146100000 0.0623628426 58156 -31.37975
525 52500.00 48773.2146100000 0.0623628426 59760 -32.12548
526 52600.00 48773.2146100000 0.0623628426 61363 -32.72123
527 52700.00 48773.2146100000 0.0623628426 62967 -33.16592
528 52800.00 48773.2146100000 0.0623628426 64570 -33.45936
529 52900.00 48773.2146100000 0.0623628426 66174 -33.60219
530 53000.00 48773.2146100000 0.0623628426 67777 -33.59584
531 53100.00 48773.2146100000 0.0623628426 69381 -33.44249
532 53200.00 48773.2146100000 0.0623628426 70984 -33.14501
533 53300.00 48773.2146100000 0.0623628426 72588 -32.70690
534 53400.00 48773.2146100000 0.0623628426 74191 -32.13223
535 53500.00 48773.2146100000 0.0623628426 75795 -31.42557
536 53600.00 48773.2146100000 0.0623628426 77398 -30.59193
537 53700.00 48773.2146100000 0.0623628426 79002 -29.63670
538 53800.00 48773.2146100000 0.0623628426 80605 -28.56555
539 53900.00 48773.2146100000 0.0623628426 82209 -27.38443
540 54000.00 48773.2146100000 0.0623628426 83812 -26.09944
541 54100.00 48773.2146100000 0.0623628426 85416 -24.71685
542 54200.00 48773.2146100000 0.0623628426 87020 -23.24300
543 54300.00 48773.2146100000 0.0623628426 88623 -21.68428
544 54400.00 48773.2146100000 0.0623628426 90227 -20.04708
545 54500.00 48773.2146100000 0.0623628426 91830 -18.33778
546 54600.00 48773.2146100000 0.0623628426 93434 -16.56266
547 54700.00 48773.2146100000 0.0623628426 95037 -14.72796
548 54800.00 48773.2146100000 0.0623628426 96641 -12.83979
549 54900.00 48773.2146100000 0.0623628426 98244 -10.90415
550 55000.00 48773.2146100000 0.0623628426 99848 -8.92689
551 55100.00 48773.2146100000 0.0623628426 101451 -6.91373
552 55200.00 48773.2146100000 0.0623628426 103055 -4.87020
553 55300.00 48773.2146100000 0.0623628426 104658 -2.80171
554 55400.00 48773.2146100000 0.0623628426 106262 -0.71346
555 55500.00 48773.2146100000 0.0623628426 107865 1.38947
556 55600.00 48773.2146100000 0.0623628426 109469 3.50223
557 55700.00 48773.2146100000 0.0623628426 111072 5.62009
558 55800.00 48773.2146100000 0.0623628426 112676 7.73850
559 55900.00 48773.2146100000 0.0623628426 114279 9.85310
560 56000.00 48773.2146100000 0.0623628426 115883 11.95966
561 56100.00 48773.2146100000 0.0623628426 117486 14.05413
562 56200.00 48773.2146100000 0.0623628426 119090 16.13261
563 56300.00 48773.2146100000 0.0623628426 120693 18.19132
564 56400.00 48773.2146100000 0.0623628426 122297 20.22668
565 56500.00 48773.2146100000 0.0623628426 123900 22.23520
566 56600.00 48773.2146100000 0.0623628426 125504 24.21355
567 56700.00 48773.2146100000 0.0623628426 127108 26.15851
568 56800.00 48773.2146100000 0.0623628426 128711 28.06702
569 56900.00 48773.2146100000 0.0623628426 130315 29.93609
570 57000.00 48773.2146100000 0.0623628426 131918 31.76288
571 57100.00 48773.2146100000 0.0623628426 133522 33.54466
572 57200.00 48773.2146100000 0.0623628426 135125 35.27877
573 57300.00 48773.2146100000 0.0623628426 136729 36.96269
574 57400.00 48773.2146100000 0.0623628426 138332 38.59397
575 57500.00 48773.2146100000 0.0623628426 139936 40.17027
576 57600.00 48773.2146100000 0.0623628426 141539 41.68932
577 57700.00 48773.2146100000 0.0623628426 143143 43.14896
578 57800.00 48773.2146100000 0.0623628426 144746 44.54708
579 57900.00 48773.2146100000 0.0623628426 146350 45.88168
580 58000.00 48773.2146100000 0.0623628426 147953 47.15082
581 58100.00 48773.2146100000 0.0623628426 149557 48.35263
582 58200.00 48773.2146100000 0.0623628426 151160 49.48533
583 58300.00 48773.2146100000 0.0623628426 152764 50.54717
584 58400.00 48773.2146100000 0.0623628426 154367 51.53653
585 58500.00 48773.2146100000 0.0623628426 155971 52.45179
586 58600.00 48773.2146100000 0.0623628426 157574 53.29145
587 58700.00 48773.2146100000 0.0623628426 159178 54.05405
588 58800.00 48773.2146100000 0.0623628426 160781 54.73819
589 58900.00 48773.2146100000 0.0623628426 162385 55.34254
590 59000.00 48773.2146100000 0.0623628426 163988 55.86585
591 59100.00 48773.2146100000 0.0623628426 165592 56.30691
592 59200.00 48773.2146100000 0.0623628426 167195 56.66460
593 59300.00 48773.2146100000 0.0623628426 168799 56.93785
594 59400.00 48773.2146100000 0.0623628426 170403 57.12568
595 59500.00 48773.2146100000 0.0623628426 172006 57.22716
596 59600.00 48773.2146100000 0.0623628426 173610 57.24144
597 59700.00 48773.2146100000 0.0623628426 175213 57.16777
598 59800.00 48773.2146100000 0.0623628426 176817 57.00546
599 59900.00 48773.2146100000 0.0623628426 178420 56.75391
600 60000.00 48773.2146100000 0.0623628426 180024 56.41260
601 60100.00 48773.2146100000 0.0623628426 181627 55.98114
602 60200.00 48773.2146100000 0.0623628426 183231 55.45920
603 60300.00 48773.2146100000 0.0623628426 184834 54.84659
604 60400.00 48773.2146100000 0.0623628426 186438 54.14321
605 60500.00 48773.2146100000 0.0623628426 188041 53.34911
606 60600.00 48773.2146100000 0.0623628426 189645 52.46445
607 60700.00 48773.2146100000 0.0623628426 191248 51.48954
608 60800.00 48773.2146100000 0.0623628426 192852 50.42483
609 60900.00 48773.2146100000 0.0623628426 194455 49.27096
610 61000.00 48773.2146100000 0.0623628426 196059 48.02870
611 61100.00 48773.2146100000 0.0623628426 197662 46.69904
612 61200.00 48773.2146100000 0.0623628426 199266 45.28316
613 61300.00 48773.2146100000 0.0623628426 200869 43.78244
614 61400.00 48773.2146100000 0.0623628426 202473 42.19851
615 61500.00 48773.2146100000 0.0623628426 204076 40.53322
616 61600.00 48773.2146100000 0.0623628426 205680 38.78868
617 61700.00 48773.2146100000 0.0623628426 207283 36.96728
618 61800.00 48773.2146100000 0.0623628426 208887 35.07171
619 61900.00 48773.2146100000 0.0623628426 210490 33.10496
620 62000.00 48773.2146100000 0.0623628426 212094 31.07032
621 62100.00 48773.2146100000 0.0623628426 213698 28.97146
622 62200.00 48773.2146100000 0.0623628426 215301 26.81238
623 62300.00 48773.2146100000 0.0623628426 216905 24.59746
624 62400.00 48773.2146100000 0.0623628426 218508 22.33145
625 62500.00 48773.2146100000 0.0623628426 220112 20.01952
626 62600.00 48773.2146100000 0.0623628426 221715 17.66722
627 62700.00 48773.2146100000 0.0623628426 223319 15.28053
628 62800.00 48773.2146100000 0.0623628426 224922 12.86581
629 62900.00 48773.2146100000 0.0623628426 226526 10.42987
630 63000.00 48773.2146100000 0.0623628426 228129 7.97988
631 63100.00 48773.2146100000 0.0623628426 229733 5.52343
632 63200.00 48773.2146100000 0.0623628426 231336 3.06847
633 63300.00 48773.2146100000 0.0623628426 232940 0.62327
634 63400.00 48773.2146100000 0.0623628426 234543 -1.80356
635 63500.00 48773.2146100000 0.0623628426 236147 -4.20316
636 63600.00 48773.2146100000 0.0623628426 237750 -6.56646
637 63700.00 48773.2146100000 0.0623628426 239354 -8.88424
638 63800.00 48773.2146100000 0.0623628426 240957 -11.14717
639 63900.00 48773.2146100000 0.0623628426 242561 -13.34592
640 64000.00 48773.2146100000 0.0623628426 244164 -15.47122
641 64100.00 48773.2146100000 0.0623628426 245768 -17.51396
642 64200.00 48773.2146100000 0.0623628426 247371 -19.46524
643 64300.00 48773.2146100000 0.0623628426 248975 -21.31652
644 64400.00 48773.2146100000 0.0623628426 250578 -23.05966
645 64500.00 48773.2146100000 0.0623628426 252182 -24.68703
646 64600.00 48773.2146100000 0.0623628426 253786 -26.19157
647 64700.00 48773.2146100000 0.0623628426 255389 -27.56692
648 64800.00 48773.2146100000 0.0623628426 256993 -28.80740
649 64900.00 48773.2146100000 0.0623628426 258596 -29.90815
650 65000.00 48773.2146100000 0.0623628426 260200 -30.86513
651 65100.00 48773.2146100000 0.0623628426 261803 -31.67515
652 65200.00 48773.2146100000 0.0623628426 263407 -32.33591
653 65300.00 48773.2146100000 0.0623628426 265010 -32.84595
654 65400.00 48773.2146100000 0.0623628426 266614 -33.20474
655 65500.00 48773.2146100000 0.0623628426 268217 -33.41253
656 65600.00 48773.2146100000 0.0623628426 269821 -33.47043
657 65700.00 48773.2146100000 0.0623628426 271424 -33.38031
658 65800.00 48773.2146100000 0.0623628426 273028 -33.14472
659 65900.00 48773.2146100000 0.0623628426 274631 -32.76692
660 66000.00 48773.2146100000 0.0623628426 276235 -32.25074
661 66100.00 48773.2146100000 0.0623628426 277838 -31.60054
662 66200.00 48773.2146100000 0.0623628426 279442 -30.82114
663 66300.00 48773.2146100000 0.0623628426 281045 -29.91778
664 66400.00 48773.2146100000 0.0623628426 282649 -28.89602
665 66500.00 48773.2146100000 0.0623628426 284252 -27.76168
666 66600.00 48773.2146100000 0.0623628426 285856 -26.52082
667 66700.00 48773.2146100000 0.0623628426 287459 -25.17964
668 66800.00 48773.2146100000 0.0623628426 289063 -23.74445
669 66900.00 48773.2146100000 0.0623628426 290666 -22.22163
670 67000.00 48773.2146100000 0.0623628426 292270 -20.61757
671 67100.00 48773.2146100000 0.0623628426 293873 -18.93865
672 67200.00 48773.2146100000 0.0623628426 295477 -17.19121
673 67300.00 48773.2146100000 0.0623628426 297081 -15.38150
674 67400.00 48773.2146100000 0.0623628426 298684 -13.51570
675 67500.00 48773.2146100000 0.0623628426 300288 -11.59985
676 67600.00 48773.2146100000 0.0623628426 301891 -9.63987
677 67700.00 48773.2146100000 0.0623628426 303495 -7.64153
678 67800.00 48773.2146100000 0.0623628426 305098 -5.61045
679 67900.00 48773.2146100000 0.0623628426 306702 -3.55210
680 68000.00 48773.2146100000 0.0623628426 308305 -1.47176
681 68100.00 48773.2146100000 0.0623628426 309909 0.62543
682 68200.00 48773.2146100000 0.0623628426 311512 2.73453
683 68300.00 48773.2146100000 0.0623628426 313116 4.85075
684 68400.00 48773.2146100000 0.0623628426 314719 6.96947
685 68500.00 48773.2146100000 0.0623628426 316323 9.08625
686 68600.00 48773.2146100000 0.0623628426 317926 11.19679
687 68700.00 48773.2146100000 0.0623628426 319530 13.29698
688 68800.00 48773.2146100000 0.0623628426 321133 15.38283
689 68900.00 48773.2146100000 0.0623628426 322737 17.45054
690 69000.00 48773.2146100000 0.0623628426 324340 19.49642
691 69100.00 48773.2146100000 0.0623628426 325944 21.51696
692 69200.00 48773.2146100000 0.0623628426 327547 23.50875
693 69300.00 48773.2146100000 0.0623628426 329151 25.46853
694 69400.00 48773.2146100000 0.0623628426 330754 27.39316
695 69500.00 48773.2146100000 0.0623628426 332358 29.27963
696 69600.00 48773.2146100000 0.0623628426 333961 31.12504
697 69700.00 48773.2146100000 0.0623628426 335565 32.92660
698 69800.00 48773.2146100000 0.0623628426 337168 34.68163
699 69900.00 48773.2146100000 0.0623628426 338772 36.38755
